<?xml version="1.0" encoding="UTF-8"?>
<!-- Generated by org.testng.reporters.JUnitReportReporter -->
<testsuite skipped="4" hostname="LAPTOP-I9FI00TI" name="com.fm.PartsFinder" tests="4" failures="0" timestamp="20 Mar 2019 12:16:17 GMT" time="0.000" errors="0">
  <testcase name="showVin" time="0.000" classname="com.fm.PartsFinder">
    <skipped/>
  </testcase> <!-- showVin -->
  <testcase name="showCompetitor" time="0.000" classname="com.fm.PartsFinder">
    <skipped/>
  </testcase> <!-- showCompetitor -->
  <testcase name="showVehicle" time="0.000" classname="com.fm.PartsFinder">
    <skipped/>
  </testcase> <!-- showVehicle -->
  <testcase name="showLicensePlate" time="0.000" classname="com.fm.PartsFinder">
    <skipped/>
  </testcase> <!-- showLicensePlate -->
</testsuite> <!-- com.fm.PartsFinder -->
